<?xml version="1.0" encoding="UTF-8"?>
<!-- Generated by org.testng.reporters.JUnitXMLReporter -->
<testsuite ignored="0" hostname="Dharshini" failures="0" tests="3" name="Default test" time="3.578" errors="0" timestamp="2022-02-28T07:49:31 IST">
  <testcase classname="UserInterface.TestSuiteExample" name="OpenChrome" time="0.951"/>
  <testcase classname="UserInterface.TestSuiteExample" name="OpenGmail" time="1.88"/>
  <testcase classname="UserInterface.TestSuiteExample" name="OpenYahoo" time="0.717"/>
</testsuite> <!-- Default test -->
