<?xml version="1.0" encoding="UTF-8"?>
<testng-results ignored="0" total="3" passed="3" failed="0" skipped="0">
  <reporter-output>
  </reporter-output>
  <suite started-at="2022-02-28T07:49:28 IST" name="Default suite" finished-at="2022-02-28T07:49:31 IST" duration-ms="3578">
    <groups>
    </groups>
    <test started-at="2022-02-28T07:49:28 IST" name="Default test" finished-at="2022-02-28T07:49:31 IST" duration-ms="3578">
      <class name="UserInterface.TestSuiteExample">
        <test-method is-config="true" signature="launchBrowser()[pri:0, instance:UserInterface.TestSuiteExample@31fa1761]" started-at="2022-02-28T07:49:12 IST" name="launchBrowser" finished-at="2022-02-28T07:49:28 IST" duration-ms="15351" status="PASS">
          <reporter-output>
          </reporter-output>
        </test-method> <!-- launchBrowser -->
        <test-method signature="OpenChrome()[pri:0, instance:UserInterface.TestSuiteExample@31fa1761]" started-at="2022-02-28T07:49:28 IST" name="OpenChrome" finished-at="2022-02-28T07:49:29 IST" duration-ms="951" status="PASS">
          <reporter-output>
          </reporter-output>
        </test-method> <!-- OpenChrome -->
        <test-method signature="OpenGmail()[pri:0, instance:UserInterface.TestSuiteExample@31fa1761]" started-at="2022-02-28T07:49:29 IST" name="OpenGmail" finished-at="2022-02-28T07:49:30 IST" duration-ms="1880" status="PASS">
          <reporter-output>
          </reporter-output>
        </test-method> <!-- OpenGmail -->
        <test-method signature="OpenYahoo()[pri:0, instance:UserInterface.TestSuiteExample@31fa1761]" started-at="2022-02-28T07:49:30 IST" name="OpenYahoo" finished-at="2022-02-28T07:49:31 IST" duration-ms="717" status="PASS">
          <reporter-output>
          </reporter-output>
        </test-method> <!-- OpenYahoo -->
        <test-method is-config="true" signature="closeBrowser()[pri:0, instance:UserInterface.TestSuiteExample@31fa1761]" started-at="2022-02-28T07:49:31 IST" name="closeBrowser" finished-at="2022-02-28T07:49:31 IST" duration-ms="152" status="PASS">
          <reporter-output>
          </reporter-output>
        </test-method> <!-- closeBrowser -->
      </class> <!-- UserInterface.TestSuiteExample -->
    </test> <!-- Default test -->
  </suite> <!-- Default suite -->
</testng-results>
